# JRE version: Java(TM) SE Runtime Environment (8.0_111-b14) (build 1.8.0_111-b14)
# Java VM: Java HotSpot(TM) 64-Bit Server VM (25.111-b14 mixed mode bsd-amd64 compressed oops)
Heap:
 PSYoungGen      total 195072K, used 81875K [0x000000076ab00000, 0x0000000777600000, 0x00000007c0000000)
  eden space 184320K, 38% used [0x000000076ab00000,0x000000076f076568,0x0000000775f00000)
  from space 10752K, 99% used [0x0000000776980000,0x00000007773fe8f0,0x0000000777400000)
  to   space 10752K, 0% used [0x0000000775f00000,0x0000000775f00000,0x0000000776980000)
 ParOldGen       total 113152K, used 15698K [0x00000006c0000000, 0x00000006c6e80000, 0x000000076ab00000)
  object space 113152K, 13% used [0x00000006c0000000,0x00000006c0f548f0,0x00000006c6e80000)
 Metaspace       used 34859K, capacity 35184K, committed 35456K, reserved 1081344K
  class space    used 4037K, capacity 4158K, committed 4224K, reserved 1048576K
GC Heap History (10 events):
Event: 1.041 GC heap before
{Heap before GC invocations=1 (full 0):
 PSYoungGen      total 76288K, used 65536K [0x000000076ab00000, 0x0000000770000000, 0x00000007c0000000)
  eden space 65536K, 100% used [0x000000076ab00000,0x000000076eb00000,0x000000076eb00000)
  from space 10752K, 0% used [0x000000076f580000,0x000000076f580000,0x0000000770000000)
  to   space 10752K, 0% used [0x000000076eb00000,0x000000076eb00000,0x000000076f580000)
 ParOldGen       total 175104K, used 0K [0x00000006c0000000, 0x00000006cab00000, 0x000000076ab00000)
  object space 175104K, 0% used [0x00000006c0000000,0x00000006c0000000,0x00000006cab00000)
 Metaspace       used 16237K, capacity 16396K, committed 16640K, reserved 1064960K
  class space    used 1996K, capacity 2044K, committed 2048K, reserved 1048576K
Event: 1.053 GC heap after
Heap after GC invocations=1 (full 0):
 PSYoungGen      total 76288K, used 10737K [0x000000076ab00000, 0x0000000774000000, 0x00000007c0000000)
  eden space 65536K, 0% used [0x000000076ab00000,0x000000076ab00000,0x000000076eb00000)
  from space 10752K, 99% used [0x000000076eb00000,0x000000076f57c6a0,0x000000076f580000)
  to   space 10752K, 0% used [0x0000000773580000,0x0000000773580000,0x0000000774000000)
 ParOldGen       total 175104K, used 2658K [0x00000006c0000000, 0x00000006cab00000, 0x000000076ab00000)
  object space 175104K, 1% used [0x00000006c0000000,0x00000006c0298868,0x00000006cab00000)
 Metaspace       used 16237K, capacity 16396K, committed 16640K, reserved 1064960K
  class space    used 1996K, capacity 2044K, committed 2048K, reserved 1048576K
}
Event: 1.363 GC heap before
{Heap before GC invocations=2 (full 0):
 PSYoungGen      total 76288K, used 56487K [0x000000076ab00000, 0x0000000774000000, 0x00000007c0000000)
  eden space 65536K, 69% used [0x000000076ab00000,0x000000076d7ad650,0x000000076eb00000)
  from space 10752K, 99% used [0x000000076eb00000,0x000000076f57c6a0,0x000000076f580000)
  to   space 10752K, 0% used [0x0000000773580000,0x0000000773580000,0x0000000774000000)
 ParOldGen       total 175104K, used 2658K [0x00000006c0000000, 0x00000006cab00000, 0x000000076ab00000)
  object space 175104K, 1% used [0x00000006c0000000,0x00000006c0298868,0x00000006cab00000)
 Metaspace       used 20921K, capacity 21094K, committed 21296K, reserved 1069056K
  class space    used 2572K, capacity 2645K, committed 2688K, reserved 1048576K
Event: 1.372 GC heap after
Heap after GC invocations=2 (full 0):
 PSYoungGen      total 141824K, used 10748K [0x000000076ab00000, 0x0000000774000000, 0x00000007c0000000)
  eden space 131072K, 0% used [0x000000076ab00000,0x000000076ab00000,0x0000000772b00000)
  from space 10752K, 99% used [0x0000000773580000,0x0000000773fff118,0x0000000774000000)
  to   space 10752K, 0% used [0x0000000772b00000,0x0000000772b00000,0x0000000773580000)
 ParOldGen       total 175104K, used 3323K [0x00000006c0000000, 0x00000006cab00000, 0x000000076ab00000)
  object space 175104K, 1% used [0x00000006c0000000,0x00000006c033ee90,0x00000006cab00000)
 Metaspace       used 20921K, capacity 21094K, committed 21296K, reserved 1069056K
  class space    used 2572K, capacity 2645K, committed 2688K, reserved 1048576K
}
Event: 1.372 GC heap before
{Heap before GC invocations=3 (full 1):
 PSYoungGen      total 141824K, used 10748K [0x000000076ab00000, 0x0000000774000000, 0x00000007c0000000)
  eden space 131072K, 0% used [0x000000076ab00000,0x000000076ab00000,0x0000000772b00000)
  from space 10752K, 99% used [0x0000000773580000,0x0000000773fff118,0x0000000774000000)
  to   space 10752K, 0% used [0x0000000772b00000,0x0000000772b00000,0x0000000773580000)
 ParOldGen       total 175104K, used 3323K [0x00000006c0000000, 0x00000006cab00000, 0x000000076ab00000)
  object space 175104K, 1% used [0x00000006c0000000,0x00000006c033ee90,0x00000006cab00000)
 Metaspace       used 20921K, capacity 21094K, committed 21296K, reserved 1069056K
  class space    used 2572K, capacity 2645K, committed 2688K, reserved 1048576K
Event: 1.398 GC heap after
Heap after GC invocations=3 (full 1):
 PSYoungGen      total 141824K, used 0K [0x000000076ab00000, 0x0000000774000000, 0x00000007c0000000)
  eden space 131072K, 0% used [0x000000076ab00000,0x000000076ab00000,0x0000000772b00000)
  from space 10752K, 0% used [0x0000000773580000,0x0000000773580000,0x0000000774000000)
  to   space 10752K, 0% used [0x0000000772b00000,0x0000000772b00000,0x0000000773580000)
 ParOldGen       total 113152K, used 10954K [0x00000006c0000000, 0x00000006c6e80000, 0x000000076ab00000)
  object space 113152K, 9% used [0x00000006c0000000,0x00000006c0ab2938,0x00000006c6e80000)
 Metaspace       used 20921K, capacity 21094K, committed 21296K, reserved 1069056K
  class space    used 2572K, capacity 2645K, committed 2688K, reserved 1048576K
}
Event: 16.058 GC heap before
{Heap before GC invocations=4 (full 1):
 PSYoungGen      total 141824K, used 131072K [0x000000076ab00000, 0x0000000774000000, 0x00000007c0000000)
  eden space 131072K, 100% used [0x000000076ab00000,0x0000000772b00000,0x0000000772b00000)
  from space 10752K, 0% used [0x0000000773580000,0x0000000773580000,0x0000000774000000)
  to   space 10752K, 0% used [0x0000000772b00000,0x0000000772b00000,0x0000000773580000)
 ParOldGen       total 113152K, used 10954K [0x00000006c0000000, 0x00000006c6e80000, 0x000000076ab00000)
  object space 113152K, 9% used [0x00000006c0000000,0x00000006c0ab2938,0x00000006c6e80000)
 Metaspace       used 27667K, capacity 28022K, committed 28288K, reserved 1075200K
  class space    used 3323K, capacity 3417K, committed 3456K, reserved 1048576K
Event: 16.068 GC heap after
Heap after GC invocations=4 (full 1):
 PSYoungGen      total 141824K, used 10735K [0x000000076ab00000, 0x0000000777400000, 0x00000007c0000000)
  eden space 131072K, 0% used [0x000000076ab00000,0x000000076ab00000,0x0000000772b00000)
  from space 10752K, 99% used [0x0000000772b00000,0x000000077357bc00,0x0000000773580000)
  to   space 10752K, 0% used [0x0000000776980000,0x0000000776980000,0x0000000777400000)
 ParOldGen       total 113152K, used 11419K [0x00000006c0000000, 0x00000006c6e80000, 0x000000076ab00000)
  object space 113152K, 10% used [0x00000006c0000000,0x00000006c0b26dc8,0x00000006c6e80000)
 Metaspace       used 27667K, capacity 28022K, committed 28288K, reserved 1075200K
  class space    used 3323K, capacity 3417K, committed 3456K, reserved 1048576K
}
Event: 16.645 GC heap before
{Heap before GC invocations=5 (full 1):
 PSYoungGen      total 141824K, used 141807K [0x000000076ab00000, 0x0000000777400000, 0x00000007c0000000)
  eden space 131072K, 100% used [0x000000076ab00000,0x0000000772b00000,0x0000000772b00000)
  from space 10752K, 99% used [0x0000000772b00000,0x000000077357bc00,0x0000000773580000)
  to   space 10752K, 0% used [0x0000000776980000,0x0000000776980000,0x0000000777400000)
 ParOldGen       total 113152K, used 11419K [0x00000006c0000000, 0x00000006c6e80000, 0x000000076ab00000)
  object space 113152K, 10% used [0x00000006c0000000,0x00000006c0b26dc8,0x00000006c6e80000)
 Metaspace       used 32054K, capacity 32376K, committed 32640K, reserved 1077248K
  class space    used 3784K, capacity 3866K, committed 3968K, reserved 1048576K
Event: 16.655 GC heap after
Heap after GC invocations=5 (full 1):
 PSYoungGen      total 195072K, used 10746K [0x000000076ab00000, 0x0000000777600000, 0x00000007c0000000)
  eden space 184320K, 0% used [0x000000076ab00000,0x000000076ab00000,0x0000000775f00000)
  from space 10752K, 99% used [0x0000000776980000,0x00000007773fe8f0,0x0000000777400000)
  to   space 10752K, 0% used [0x0000000775f00000,0x0000000775f00000,0x0000000776980000)
 ParOldGen       total 113152K, used 15698K [0x00000006c0000000, 0x00000006c6e80000, 0x000000076ab00000)
  object space 113152K, 13% used [0x00000006c0000000,0x00000006c0f548f0,0x00000006c6e80000)
 Metaspace       used 32054K, capacity 32376K, committed 32640K, reserved 1077248K
  class space    used 3784K, capacity 3866K, committed 3968K, reserved 1048576K
}

